Build started 12/16/2014 12:31:24 AM.
     1>Project "C:\Users\Sergey\Desktop\RayTracer\src\RayTracer.vcxproj" on node 2 (build target(s)).
     1>InitializeBuildStatus:
         Creating "Debug\RayTracer.unsuccessfulbuild" because "AlwaysCreate" was specified.
       ClCompile:
         C:\Program Files (x86)\Microsoft Visual Studio 10.0\VC\bin\CL.exe /c /I..\glm /ZI /nologo /W3 /WX- /Od /Oy- /D WIN32 /D _DEBUG /D _CONSOLE /D _MBCS /Gm /EHsc /RTC1 /MDd /GS /fp:precise /Zc:wchar_t /Zc:forScope /openmp /Fo"Debug\\" /Fd"Debug\vc100.pdb" /Gd /TP /analyze- /errorReport:prompt Main.cpp Scene.cpp Tracer.cpp
         Tracer.cpp
     1>c:\users\sergey\desktop\raytracer\src\tracer.cpp(14): warning C4244: 'argument' : conversion from 'double' to 'const float', possible loss of data
     1>c:\users\sergey\desktop\raytracer\src\tracer.cpp(14): warning C4244: 'argument' : conversion from 'double' to 'const float', possible loss of data
     1>c:\users\sergey\desktop\raytracer\src\tracer.cpp(58): warning C4018: '<' : signed/unsigned mismatch
     1>c:\users\sergey\desktop\raytracer\src\tracer.cpp(70): warning C4018: '<' : signed/unsigned mismatch
     1>c:\users\sergey\desktop\raytracer\src\tracer.cpp(71): warning C4018: '<' : signed/unsigned mismatch
     1>c:\users\sergey\desktop\raytracer\src\tracer.cpp(98): warning C4018: '<' : signed/unsigned mismatch
     1>c:\users\sergey\desktop\raytracer\src\tracer.cpp(102): warning C4018: '>=' : signed/unsigned mismatch
     1>c:\users\sergey\desktop\raytracer\src\tracer.cpp(120): warning C4305: 'argument' : truncation from 'double' to 'const float'
     1>c:\users\sergey\desktop\raytracer\src\tracer.cpp(120): warning C4305: 'argument' : truncation from 'double' to 'const float'
     1>c:\users\sergey\desktop\raytracer\src\tracer.cpp(120): warning C4305: 'argument' : truncation from 'double' to 'const float'
     1>c:\users\sergey\desktop\raytracer\src\tracer.cpp(121): warning C4305: 'argument' : truncation from 'double' to 'const float'
     1>c:\users\sergey\desktop\raytracer\src\tracer.cpp(121): warning C4305: 'argument' : truncation from 'double' to 'const float'
     1>c:\users\sergey\desktop\raytracer\src\tracer.cpp(121): warning C4305: 'argument' : truncation from 'double' to 'const float'
     1>c:\users\sergey\desktop\raytracer\src\tracer.cpp(129): warning C4244: 'argument' : conversion from 'double' to 'const float', possible loss of data
     1>c:\users\sergey\desktop\raytracer\src\tracer.cpp(164): warning C4018: '<' : signed/unsigned mismatch
     1>c:\users\sergey\desktop\raytracer\src\tracer.cpp(170): warning C4018: '>=' : signed/unsigned mismatch
     1>c:\users\sergey\desktop\raytracer\src\tracer.cpp(174): warning C4244: 'argument' : conversion from 'double' to 'const float', possible loss of data
     1>c:\users\sergey\desktop\raytracer\src\tracer.cpp(202): warning C4305: 'argument' : truncation from 'double' to 'const float'
     1>c:\users\sergey\desktop\raytracer\src\tracer.cpp(292): warning C4244: '=' : conversion from 'float' to 'unsigned char', possible loss of data
     1>c:\users\sergey\desktop\raytracer\src\tracer.cpp(293): warning C4244: '=' : conversion from 'float' to 'unsigned char', possible loss of data
     1>c:\users\sergey\desktop\raytracer\src\tracer.cpp(294): warning C4244: '=' : conversion from 'float' to 'unsigned char', possible loss of data
     1>c:\users\sergey\desktop\raytracer\src\tracer.cpp(333): warning C4244: '=' : conversion from 'float' to 'unsigned char', possible loss of data
     1>c:\users\sergey\desktop\raytracer\src\tracer.cpp(334): warning C4244: '=' : conversion from 'float' to 'unsigned char', possible loss of data
     1>c:\users\sergey\desktop\raytracer\src\tracer.cpp(335): warning C4244: '=' : conversion from 'float' to 'unsigned char', possible loss of data
         Generating Code...
         Skipping... (no relevant changes detected)
         Scene.cpp
         Main.cpp
       ManifestResourceCompile:
         All outputs are up-to-date.
       Link:
         C:\Program Files (x86)\Microsoft Visual Studio 10.0\VC\bin\link.exe /ERRORREPORT:PROMPT /OUT:"C:\Users\Sergey\Desktop\RayTracer\src\..\bin\RayTracer.exe" /INCREMENTAL /NOLOGO kernel32.lib user32.lib gdi32.lib winspool.lib comdlg32.lib advapi32.lib shell32.lib ole32.lib oleaut32.lib uuid.lib odbc32.lib odbccp32.lib /MANIFEST /ManifestFile:"Debug\RayTracer.exe.intermediate.manifest" /MANIFESTUAC:"level='asInvoker' uiAccess='false'" /DEBUG /PDB:"C:\Users\Sergey\Desktop\RayTracer\bin\RayTracer.pdb" /SUBSYSTEM:CONSOLE /TLBID:1 /DYNAMICBASE /NXCOMPAT /IMPLIB:"C:\Users\Sergey\Desktop\RayTracer\src\..\bin\RayTracer.lib" /MACHINE:X86 Debug\RayTracer.exe.embed.manifest.res
         Debug\AxisAlignedBox.obj
         Debug\Math.obj
         Debug\Matrix3.obj
         Debug\Matrix4.obj
         Debug\Plane.obj
         Debug\Quaternion.obj
         Debug\Vector2.obj
         Debug\Vector3.obj
         Debug\Vector4.obj
         Debug\l3ds.obj
         Debug\Main.obj
         Debug\Scene.obj
         Debug\Tracer.obj
       Manifest:
         C:\Program Files (x86)\Microsoft SDKs\Windows\v7.0A\bin\mt.exe /nologo /verbose /out:"Debug\RayTracer.exe.embed.manifest" /manifest Debug\RayTracer.exe.intermediate.manifest
         All outputs are up-to-date.
       LinkEmbedManifest:
         All outputs are up-to-date.
         RayTracer.vcxproj -> C:\Users\Sergey\Desktop\RayTracer\src\..\bin\RayTracer.exe
       FinalizeBuildStatus:
         Deleting file "Debug\RayTracer.unsuccessfulbuild".
         Touching "Debug\RayTracer.lastbuildstate".
     1>Done Building Project "C:\Users\Sergey\Desktop\RayTracer\src\RayTracer.vcxproj" (build target(s)).

Build succeeded.

Time Elapsed 00:00:03.00
